#! /usr/bin/vvp
:ivl_version "11.0 (stable)" "(v11_0)";
:ivl_delay_selection "TYPICAL";
:vpi_time_precision + 0;
:vpi_module "/usr/lib/ivl/system.vpi";
:vpi_module "/usr/lib/ivl/vhdl_sys.vpi";
:vpi_module "/usr/lib/ivl/vhdl_textio.vpi";
:vpi_module "/usr/lib/ivl/v2005_math.vpi";
:vpi_module "/usr/lib/ivl/va_math.vpi";
S_0x5567a74414c0 .scope module, "setbit_tb" "setbit_tb" 2 14;
 .timescale 0 0;
L_0x7fda574e8018 .functor BUFT 1, C4<1>, C4<0>, C4<0>, C4<0>;
v0x5567a7441eb0_0 .net "A", 0 0, L_0x7fda574e8018;  1 drivers
S_0x5567a7441020 .scope module, "SB1" "setbit" 2 21, 3 21 0, S_0x5567a74414c0;
 .timescale 0 0;
    .port_info 0 /OUTPUT 1 "A";
v0x5567a7442110_0 .net "A", 0 0, L_0x7fda574e8018;  alias, 1 drivers
    .scope S_0x5567a74414c0;
T_0 ;
    %vpi_call 2 30 "$dumpfile", "setbit_tb.vcd" {0 0 0};
    %vpi_call 2 33 "$dumpvars", 32'sb00000000000000000000000000000000, S_0x5567a74414c0 {0 0 0};
    %delay 10, 0;
    %load/vec4 v0x5567a7441eb0_0;
    %pad/u 32;
    %cmpi/ne 1, 0, 32;
    %jmp/0xz  T_0.0, 4;
    %vpi_call 2 40 "$display", "---->\302\241ERROR! Salida no esta a 1" {0 0 0};
    %jmp T_0.1;
T_0.0 ;
    %vpi_call 2 42 "$display", "Componente ok!" {0 0 0};
T_0.1 ;
    %delay 10, 0;
    %vpi_call 2 46 "$finish" {0 0 0};
    %end;
    .thread T_0;
# The file index is used to find the file name in the following table.
:file_names 4;
    "N/A";
    "<interactive>";
    "setbit_tb.v";
    "setbit.v";
